C:\USERS\JORGE\DOCUMENTS\VISUAL STUDIO 2010\PROJECTS\BINOMIAL HEAP\BINOMIAL HEAP\DEBUG\BINOMIAL HEAP.EXE.EMBED.MANIFEST
C:\USERS\JORGE\DOCUMENTS\VISUAL STUDIO 2010\PROJECTS\BINOMIAL HEAP\BINOMIAL HEAP\DEBUG\BINOMIAL HEAP.EXE.EMBED.MANIFEST.RES
C:\USERS\JORGE\DOCUMENTS\VISUAL STUDIO 2010\PROJECTS\BINOMIAL HEAP\BINOMIAL HEAP\DEBUG\BINOMIAL HEAP.EXE.INTERMEDIATE.MANIFEST
C:\USERS\JORGE\DOCUMENTS\VISUAL STUDIO 2010\PROJECTS\BINOMIAL HEAP\BINOMIAL HEAP\DEBUG\BINOMIAL HEAP.OBJ
C:\USERS\JORGE\DOCUMENTS\VISUAL STUDIO 2010\PROJECTS\BINOMIAL HEAP\BINOMIAL HEAP\DEBUG\BINOMIAL HEAP.PCH
C:\Users\jorge\documents\visual studio 2010\Projects\Binomial Heap\Binomial Heap\Debug\Binomial Heap.vcxprojResolveAssemblyReference.cache
C:\Users\jorge\documents\visual studio 2010\Projects\Binomial Heap\Binomial Heap\Debug\Binomial Heap.write.1.tlog
C:\Users\jorge\documents\visual studio 2010\Projects\Binomial Heap\Binomial Heap\Debug\Binomial Heap_manifest.rc
C:\Users\jorge\documents\visual studio 2010\Projects\Binomial Heap\Binomial Heap\Debug\cl.command.1.tlog
C:\Users\jorge\documents\visual studio 2010\Projects\Binomial Heap\Binomial Heap\Debug\CL.read.1.tlog
C:\Users\jorge\documents\visual studio 2010\Projects\Binomial Heap\Binomial Heap\Debug\CL.write.1.tlog
C:\Users\jorge\documents\visual studio 2010\Projects\Binomial Heap\Binomial Heap\Debug\link.4756.read.1.tlog
C:\Users\jorge\documents\visual studio 2010\Projects\Binomial Heap\Binomial Heap\Debug\link.4756.write.1.tlog
C:\Users\jorge\documents\visual studio 2010\Projects\Binomial Heap\Binomial Heap\Debug\link.4756-cvtres.read.1.tlog
C:\Users\jorge\documents\visual studio 2010\Projects\Binomial Heap\Binomial Heap\Debug\link.4756-cvtres.write.1.tlog
C:\Users\jorge\documents\visual studio 2010\Projects\Binomial Heap\Binomial Heap\Debug\link.7644.read.1.tlog
C:\Users\jorge\documents\visual studio 2010\Projects\Binomial Heap\Binomial Heap\Debug\link.7644.write.1.tlog
C:\Users\jorge\documents\visual studio 2010\Projects\Binomial Heap\Binomial Heap\Debug\link.7644-cvtres.read.1.tlog
C:\Users\jorge\documents\visual studio 2010\Projects\Binomial Heap\Binomial Heap\Debug\link.7644-cvtres.write.1.tlog
C:\Users\jorge\documents\visual studio 2010\Projects\Binomial Heap\Binomial Heap\Debug\link.8008.read.1.tlog
C:\Users\jorge\documents\visual studio 2010\Projects\Binomial Heap\Binomial Heap\Debug\link.8008.write.1.tlog
C:\Users\jorge\documents\visual studio 2010\Projects\Binomial Heap\Binomial Heap\Debug\link.8008-cvtres.read.1.tlog
C:\Users\jorge\documents\visual studio 2010\Projects\Binomial Heap\Binomial Heap\Debug\link.8008-cvtres.write.1.tlog
C:\Users\jorge\documents\visual studio 2010\Projects\Binomial Heap\Binomial Heap\Debug\link.command.1.tlog
C:\Users\jorge\documents\visual studio 2010\Projects\Binomial Heap\Binomial Heap\Debug\link.read.1.tlog
C:\Users\jorge\documents\visual studio 2010\Projects\Binomial Heap\Binomial Heap\Debug\link.write.1.tlog
C:\Users\jorge\documents\visual studio 2010\Projects\Binomial Heap\Binomial Heap\Debug\link-cvtres.read.1.tlog
C:\Users\jorge\documents\visual studio 2010\Projects\Binomial Heap\Binomial Heap\Debug\link-cvtres.write.1.tlog
C:\Users\jorge\documents\visual studio 2010\Projects\Binomial Heap\Binomial Heap\Debug\mt.command.1.tlog
C:\Users\jorge\documents\visual studio 2010\Projects\Binomial Heap\Binomial Heap\Debug\mt.read.1.tlog
C:\Users\jorge\documents\visual studio 2010\Projects\Binomial Heap\Binomial Heap\Debug\mt.write.1.tlog
C:\Users\jorge\documents\visual studio 2010\Projects\Binomial Heap\Binomial Heap\Debug\rc.command.1.tlog
C:\Users\jorge\documents\visual studio 2010\Projects\Binomial Heap\Binomial Heap\Debug\rc.read.1.tlog
C:\Users\jorge\documents\visual studio 2010\Projects\Binomial Heap\Binomial Heap\Debug\rc.write.1.tlog
C:\USERS\JORGE\DOCUMENTS\VISUAL STUDIO 2010\PROJECTS\BINOMIAL HEAP\BINOMIAL HEAP\DEBUG\STDAFX.OBJ
C:\Users\jorge\documents\visual studio 2010\Projects\Binomial Heap\Binomial Heap\Debug\vc100.idb
C:\USERS\JORGE\DOCUMENTS\VISUAL STUDIO 2010\PROJECTS\BINOMIAL HEAP\BINOMIAL HEAP\DEBUG\VC100.PDB
C:\USERS\JORGE\DOCUMENTS\VISUAL STUDIO 2010\PROJECTS\BINOMIAL HEAP\DEBUG\BINOMIAL HEAP.EXE
C:\USERS\JORGE\DOCUMENTS\VISUAL STUDIO 2010\PROJECTS\BINOMIAL HEAP\DEBUG\BINOMIAL HEAP.ILK
C:\USERS\JORGE\DOCUMENTS\VISUAL STUDIO 2010\PROJECTS\BINOMIAL HEAP\DEBUG\BINOMIAL HEAP.PDB
