Build started 30/06/2014 05:24:16 p. m..
     1>Project "c:\Users\jorge\Documents\Visual Studio 2010\Projects\FibonacciHeap\FibonacciHeap\FibonacciHeap.vcxproj" on node 2 (build target(s)).
     1>InitializeBuildStatus:
         Creating "Debug\FibonacciHeap.unsuccessfulbuild" because "AlwaysCreate" was specified.
       ClCompile:
         All outputs are up-to-date.
         c:\Program Files (x86)\Microsoft Visual Studio 10.0\VC\bin\CL.exe /c /ZI /nologo /W3 /WX- /Od /Oy- /D WIN32 /D _DEBUG /D _CONSOLE /D _UNICODE /D UNICODE /Gm /EHsc /RTC1 /MDd /GS /fp:precise /Zc:wchar_t /Zc:forScope /Yu"StdAfx.h" /Fp"Debug\FibonacciHeap.pch" /Fo"Debug\\" /Fd"Debug\vc100.pdb" /Gd /TP /analyze- /errorReport:prompt FibonacciHeap.cpp
         FibonacciHeap.cpp
     1>c:\users\jorge\documents\visual studio 2010\projects\fibonacciheap\fibonacciheap\fibonacciheap.cpp(64): warning C4305: 'initializing' : truncation from 'double' to 'float'
     1>c:\users\jorge\documents\visual studio 2010\projects\fibonacciheap\fibonacciheap\fibonacciheap.cpp(65): warning C4244: 'return' : conversion from 'float' to 'int', possible loss of data
       ManifestResourceCompile:
         All outputs are up-to-date.
       Link:
         c:\Program Files (x86)\Microsoft Visual Studio 10.0\VC\bin\link.exe /ERRORREPORT:PROMPT /OUT:"c:\Users\jorge\Documents\Visual Studio 2010\Projects\FibonacciHeap\Debug\FibonacciHeap.exe" /INCREMENTAL /NOLOGO kernel32.lib user32.lib gdi32.lib winspool.lib comdlg32.lib advapi32.lib shell32.lib ole32.lib oleaut32.lib uuid.lib odbc32.lib odbccp32.lib /MANIFEST /ManifestFile:"Debug\FibonacciHeap.exe.intermediate.manifest" /MANIFESTUAC:"level='asInvoker' uiAccess='false'" /DEBUG /PDB:"c:\Users\jorge\Documents\Visual Studio 2010\Projects\FibonacciHeap\Debug\FibonacciHeap.pdb" /SUBSYSTEM:CONSOLE /TLBID:1 /DYNAMICBASE /NXCOMPAT /IMPLIB:"c:\Users\jorge\Documents\Visual Studio 2010\Projects\FibonacciHeap\Debug\FibonacciHeap.lib" /MACHINE:X86 Debug\FibonacciHeap.exe.embed.manifest.res
         Debug\FibonacciHeap.obj
         Debug\stdafx.obj
       Manifest:
         c:\Program Files (x86)\Microsoft SDKs\Windows\v7.0A\bin\mt.exe /nologo /verbose /out:"Debug\FibonacciHeap.exe.embed.manifest" /manifest Debug\FibonacciHeap.exe.intermediate.manifest
         All outputs are up-to-date.
       LinkEmbedManifest:
         All outputs are up-to-date.
         FibonacciHeap.vcxproj -> c:\Users\jorge\Documents\Visual Studio 2010\Projects\FibonacciHeap\Debug\FibonacciHeap.exe
       FinalizeBuildStatus:
         Deleting file "Debug\FibonacciHeap.unsuccessfulbuild".
         Touching "Debug\FibonacciHeap.lastbuildstate".
     1>Done Building Project "c:\Users\jorge\Documents\Visual Studio 2010\Projects\FibonacciHeap\FibonacciHeap\FibonacciHeap.vcxproj" (build target(s)).

Build succeeded.

Time Elapsed 00:00:01.57
